[debug] [2021-02-07T08:25:39.139Z] ----------------------------------------------------------------------
[debug] [2021-02-07T08:25:39.145Z] Command:       C:\Program Files\nodejs\node.exe C:\Users\ASUS\AppData\Roaming\npm\node_modules\firebase-tools\lib\bin\firebase.js init
[debug] [2021-02-07T08:25:39.146Z] CLI Version:   8.12.1
[debug] [2021-02-07T08:25:39.147Z] Platform:      win32
[debug] [2021-02-07T08:25:39.147Z] Node Version:  v14.15.1
[debug] [2021-02-07T08:25:39.149Z] Time:          Sun Feb 07 2021 14:10:39 GMT+0545 (Nepal Time)
[debug] [2021-02-07T08:25:39.150Z] ----------------------------------------------------------------------
[debug] [2021-02-07T08:25:39.150Z] 
[debug] [2021-02-07T08:25:39.165Z] > command requires scopes: ["email","openid","https://www.googleapis.com/auth/cloudplatformprojects.readonly","https://www.googleapis.com/auth/firebase","https://www.googleapis.com/auth/cloud-platform"]
[debug] [2021-02-07T08:25:39.166Z] > authorizing via signed-in user
[info] 
     ######## #### ########  ######## ########     ###     ######  ########
     ##        ##  ##     ## ##       ##     ##  ##   ##  ##       ##
     ######    ##  ########  ######   ########  #########  ######  ######
     ##        ##  ##    ##  ##       ##     ## ##     ##       ## ##
     ##       #### ##     ## ######## ########  ##     ##  ######  ########

You're about to initialize a Firebase project in this directory:

  D:\newReact\sabcategory-chat

Before we get started, keep in mind:

  * You are initializing in an existing Firebase project directory

[info] 
=== Project Setup
[info] 
[info] First, let's associate this project directory with a Firebase project.
[info] You can create multiple project aliases by running firebase use --add, 
[info] but for now we'll just set up a default project.
[info] 
[info] i  .firebaserc already has a default project, using sabcategorychat. 
[debug] [2021-02-07T08:25:49.536Z] >>> HTTP REQUEST GET https://firebase.googleapis.com/v1beta1/projects/sabcategorychat  
 
[debug] [2021-02-07T08:26:00.650Z] Server Error. getaddrinfo ENOTFOUND firebase.googleapis.com
[debug] [2021-02-07T08:26:22.295Z] FirebaseError: Server Error. getaddrinfo ENOTFOUND firebase.googleapis.com
    at Request._callback (C:\Users\ASUS\AppData\Roaming\npm\node_modules\firebase-tools\lib\api.js:32:31)
    at self.callback (C:\Users\ASUS\AppData\Roaming\npm\node_modules\firebase-tools\node_modules\request\request.js:185:22)
    at Request.emit (events.js:315:20)
    at Request.EventEmitter.emit (domain.js:486:12)
    at Request.onRequestError (C:\Users\ASUS\AppData\Roaming\npm\node_modules\firebase-tools\node_modules\request\request.js:877:8)
    at ClientRequest.emit (events.js:327:22)
    at ClientRequest.EventEmitter.emit (domain.js:486:12)
    at TLSSocket.socketErrorListener (_http_client.js:469:9)
    at TLSSocket.emit (events.js:315:20)
    at TLSSocket.EventEmitter.emit (domain.js:486:12)
    at emitErrorNT (internal/streams/destroy.js:106:8)
    at emitErrorCloseNT (internal/streams/destroy.js:74:3)
    at processTicksAndRejections (internal/process/task_queues.js:80:21)
[error] 
[error] Error: Failed to get Firebase project sabcategorychat. Please make sure the project exists and your account has permission to access it.
